{"name": "Создание заказа неавторизованным пользователем", "status": "skipped", "statusDetails": {"message": "XFAIL response.status_code == 401 this a bug\n\nAssertionError: assert 200 == 401\n +  where 200 = <Response [200]>.status_code", "trace": "self = <tests.test_create_order.TestCreateOrder object at 0x10709f5c0>\nlogin_user = {'accessToken': 'Bearer eyJhbGciOiJIUzI1NiIsInR5cCI6IkpXVCJ9.eyJpZCI6IjY4ZTQyMmUxODJkN2VkMDAxYzUyNGEwNCIsImlhdCI6MTc1O...a1267759bf89aa57f927ce450cec4edda521', 'success': True, 'user': {'email': 'gqywx7jsmm@mail.com', 'name': 'gqywx7jsmm'}}\n\n    @allure.title('Создание заказа неавторизованным пользователем')\n    @allure.description('Неавторизованный пользователь не может создать заказ')\n    @pytest.mark.xfail(reason='response.status_code == 401 this a bug')\n    def test_create_successful_order_unauthorized_user(self,login_user):\n        user = login_user\n        body = Order.order\n        response = StocksApi.create_order(json=body)\n    \n        #баг - неавторизованный пользователь может сделать заказ\n>       assert response.status_code == 401\nE       assert 200 == 401\nE        +  where 200 = <Response [200]>.status_code\n\ntests/test_create_order.py:49: AssertionError"}, "description": "Неавторизованный пользователь не может создать заказ", "steps": [{"name": "Create order", "status": "passed", "parameters": [{"name": "json", "value": "{'ingredients': ['61c0c5a71d1f82001bdaaa6d', '61c0c5a71d1f82001bdaaa70', '61c0c5a71d1f82001bdaaa72']}"}], "start": 1759781601367, "stop": 1759781601544}], "start": 1759781601366, "stop": 1759781601546, "uuid": "abe2bc64-15c2-47be-a505-3912f5d9450d", "historyId": "549e587045c7f0c1720d3193b7041b96", "testCaseId": "549e587045c7f0c1720d3193b7041b96", "fullName": "tests.test_create_order.TestCreateOrder#test_create_successful_order_unauthorized_user", "labels": [{"name": "parentSuite", "value": "tests"}, {"name": "suite", "value": "test_create_order"}, {"name": "subSuite", "value": "TestCreateOrder"}, {"name": "host", "value": "MacBook-Pro-Oksana.local"}, {"name": "thread", "value": "42136-MainThread"}, {"name": "framework", "value": "pytest"}, {"name": "language", "value": "cpython3"}, {"name": "package", "value": "tests.test_create_order"}], "titlePath": ["tests", "test_create_order.py", "TestCreateOrder"]}